2019-11-28 10:40:59.747  INFO 7060 --- [main] com.lra.user.ShopUserApplication         : Starting ShopUserApplication on Leon-PC with PID 7060 (C:\Users\XY\Desktop\webmagic\graduation\shop-user\target\classes started by XY in C:\Users\XY\Desktop\webmagic\graduation)
2019-11-28 10:40:59.757  INFO 7060 --- [main] com.lra.user.ShopUserApplication         : The following profiles are active: common
2019-11-28 10:41:04.052  INFO 7060 --- [main] .s.d.r.c.RepositoryConfigurationDelegate : Multiple Spring Data modules found, entering strict repository configuration mode!
2019-11-28 10:41:04.058  INFO 7060 --- [main] .s.d.r.c.RepositoryConfigurationDelegate : Bootstrapping Spring Data repositories in DEFAULT mode.
2019-11-28 10:41:04.091  INFO 7060 --- [main] .s.d.r.c.RepositoryConfigurationDelegate : Finished Spring Data repository scanning in 11ms. Found 0 repository interfaces.
2019-11-28 10:41:04.543  INFO 7060 --- [main] trationDelegate$BeanPostProcessorChecker : Bean 'org.springframework.ws.config.annotation.DelegatingWsConfiguration' of type [org.springframework.ws.config.annotation.DelegatingWsConfiguration$$EnhancerBySpringCGLIB$$59455f80] is not eligible for getting processed by all BeanPostProcessors (for example: not eligible for auto-proxying)
2019-11-28 10:41:05.408  INFO 7060 --- [main] .w.s.a.s.AnnotationActionEndpointMapping : Supporting [WS-Addressing August 2004, WS-Addressing 1.0]
2019-11-28 10:41:05.516  INFO 7060 --- [main] trationDelegate$BeanPostProcessorChecker : Bean 'org.springframework.transaction.annotation.ProxyTransactionManagementConfiguration' of type [org.springframework.transaction.annotation.ProxyTransactionManagementConfiguration] is not eligible for getting processed by all BeanPostProcessors (for example: not eligible for auto-proxying)
2019-11-28 10:41:06.053  INFO 7060 --- [main] trationDelegate$BeanPostProcessorChecker : Bean 'shiroConfig' of type [com.lra.common.shrio.ShiroConfig$$EnhancerBySpringCGLIB$$2c151a2b] is not eligible for getting processed by all BeanPostProcessors (for example: not eligible for auto-proxying)
2019-11-28 10:41:06.451  INFO 7060 --- [main] trationDelegate$BeanPostProcessorChecker : Bean 'mybatis-plus-com.baomidou.mybatisplus.autoconfigure.MybatisPlusProperties' of type [com.baomidou.mybatisplus.autoconfigure.MybatisPlusProperties] is not eligible for getting processed by all BeanPostProcessors (for example: not eligible for auto-proxying)
2019-11-28 10:41:06.465  INFO 7060 --- [main] trationDelegate$BeanPostProcessorChecker : Bean 'com.baomidou.mybatisplus.autoconfigure.MybatisPlusAutoConfiguration' of type [com.baomidou.mybatisplus.autoconfigure.MybatisPlusAutoConfiguration$$EnhancerBySpringCGLIB$$f276071b] is not eligible for getting processed by all BeanPostProcessors (for example: not eligible for auto-proxying)
2019-11-28 10:41:06.470  INFO 7060 --- [main] trationDelegate$BeanPostProcessorChecker : Bean 'org.springframework.boot.autoconfigure.jdbc.DataSourceConfiguration$Hikari' of type [org.springframework.boot.autoconfigure.jdbc.DataSourceConfiguration$Hikari] is not eligible for getting processed by all BeanPostProcessors (for example: not eligible for auto-proxying)
2019-11-28 10:41:06.478  INFO 7060 --- [main] trationDelegate$BeanPostProcessorChecker : Bean 'spring.datasource-org.springframework.boot.autoconfigure.jdbc.DataSourceProperties' of type [org.springframework.boot.autoconfigure.jdbc.DataSourceProperties] is not eligible for getting processed by all BeanPostProcessors (for example: not eligible for auto-proxying)
2019-11-28 10:41:06.516  INFO 7060 --- [main] trationDelegate$BeanPostProcessorChecker : Bean 'dataSource' of type [com.zaxxer.hikari.HikariDataSource] is not eligible for getting processed by all BeanPostProcessors (for example: not eligible for auto-proxying)
2019-11-28 10:41:06.542  INFO 7060 --- [main] trationDelegate$BeanPostProcessorChecker : Bean 'org.springframework.boot.autoconfigure.jdbc.DataSourceInitializerInvoker' of type [org.springframework.boot.autoconfigure.jdbc.DataSourceInitializerInvoker] is not eligible for getting processed by all BeanPostProcessors (for example: not eligible for auto-proxying)
2019-11-28 10:41:06.627  INFO 7060 --- [main] trationDelegate$BeanPostProcessorChecker : Bean 'fillMetaObjectHandler' of type [com.lra.common.handler.FillMetaObjectHandler] is not eligible for getting processed by all BeanPostProcessors (for example: not eligible for auto-proxying)
2019-11-28 10:41:06.630  INFO 7060 --- [main] trationDelegate$BeanPostProcessorChecker : Bean 'myBatisPlusConfiguration' of type [com.lra.user.config.MyBatisPlusConfiguration$$EnhancerBySpringCGLIB$$649d1598] is not eligible for getting processed by all BeanPostProcessors (for example: not eligible for auto-proxying)
2019-11-28 10:41:06.636  INFO 7060 --- [main] trationDelegate$BeanPostProcessorChecker : Bean 'sqlInjector' of type [com.baomidou.mybatisplus.extension.injector.LogicSqlInjector] is not eligible for getting processed by all BeanPostProcessors (for example: not eligible for auto-proxying)
2019-11-28 10:41:06.668  INFO 7060 --- [main] com.zaxxer.hikari.HikariDataSource       : HikariPool-1 - Starting...
2019-11-28 10:41:06.884  INFO 7060 --- [main] com.zaxxer.hikari.HikariDataSource       : HikariPool-1 - Start completed.
2019-11-28 10:41:07.218  INFO 7060 --- [main] trationDelegate$BeanPostProcessorChecker : Bean 'sqlSessionFactory' of type [org.apache.ibatis.session.defaults.DefaultSqlSessionFactory] is not eligible for getting processed by all BeanPostProcessors (for example: not eligible for auto-proxying)
2019-11-28 10:41:07.225  INFO 7060 --- [main] trationDelegate$BeanPostProcessorChecker : Bean 'sqlSessionTemplate' of type [org.mybatis.spring.SqlSessionTemplate] is not eligible for getting processed by all BeanPostProcessors (for example: not eligible for auto-proxying)
2019-11-28 10:41:07.230  INFO 7060 --- [main] trationDelegate$BeanPostProcessorChecker : Bean 'roleMapper' of type [org.mybatis.spring.mapper.MapperFactoryBean] is not eligible for getting processed by all BeanPostProcessors (for example: not eligible for auto-proxying)
2019-11-28 10:41:07.233  INFO 7060 --- [main] trationDelegate$BeanPostProcessorChecker : Bean 'roleMapper' of type [com.sun.proxy.$Proxy112] is not eligible for getting processed by all BeanPostProcessors (for example: not eligible for auto-proxying)
2019-11-28 10:41:07.239  INFO 7060 --- [main] trationDelegate$BeanPostProcessorChecker : Bean 'roleServiceImpl' of type [com.lra.common.service.impl.RoleServiceImpl] is not eligible for getting processed by all BeanPostProcessors (for example: not eligible for auto-proxying)
2019-11-28 10:41:07.278  INFO 7060 --- [main] trationDelegate$BeanPostProcessorChecker : Bean 'userMapper' of type [org.mybatis.spring.mapper.MapperFactoryBean] is not eligible for getting processed by all BeanPostProcessors (for example: not eligible for auto-proxying)
2019-11-28 10:41:07.279  INFO 7060 --- [main] trationDelegate$BeanPostProcessorChecker : Bean 'userMapper' of type [com.sun.proxy.$Proxy115] is not eligible for getting processed by all BeanPostProcessors (for example: not eligible for auto-proxying)
2019-11-28 10:41:07.284  INFO 7060 --- [main] trationDelegate$BeanPostProcessorChecker : Bean 'redisAutoConfiguration' of type [com.lra.common.config.RedisAutoConfiguration$$EnhancerBySpringCGLIB$$4dc4b29b] is not eligible for getting processed by all BeanPostProcessors (for example: not eligible for auto-proxying)
2019-11-28 10:41:07.295  INFO 7060 --- [main] trationDelegate$BeanPostProcessorChecker : Bean 'spring.redis-org.springframework.boot.autoconfigure.data.redis.RedisProperties' of type [org.springframework.boot.autoconfigure.data.redis.RedisProperties] is not eligible for getting processed by all BeanPostProcessors (for example: not eligible for auto-proxying)
2019-11-28 10:41:07.298  INFO 7060 --- [main] trationDelegate$BeanPostProcessorChecker : Bean 'org.springframework.boot.autoconfigure.data.redis.LettuceConnectionConfiguration' of type [org.springframework.boot.autoconfigure.data.redis.LettuceConnectionConfiguration] is not eligible for getting processed by all BeanPostProcessors (for example: not eligible for auto-proxying)
2019-11-28 10:41:07.468  INFO 7060 --- [main] trationDelegate$BeanPostProcessorChecker : Bean 'lettuceClientResources' of type [io.lettuce.core.resource.DefaultClientResources] is not eligible for getting processed by all BeanPostProcessors (for example: not eligible for auto-proxying)
2019-11-28 10:41:07.602  INFO 7060 --- [main] trationDelegate$BeanPostProcessorChecker : Bean 'redisConnectionFactory' of type [org.springframework.data.redis.connection.lettuce.LettuceConnectionFactory] is not eligible for getting processed by all BeanPostProcessors (for example: not eligible for auto-proxying)
2019-11-28 10:41:07.720  INFO 7060 --- [main] trationDelegate$BeanPostProcessorChecker : Bean 'redisTemplate' of type [org.springframework.data.redis.core.RedisTemplate] is not eligible for getting processed by all BeanPostProcessors (for example: not eligible for auto-proxying)
2019-11-28 10:41:07.741  INFO 7060 --- [main] trationDelegate$BeanPostProcessorChecker : Bean 'redisUtil' of type [com.lra.common.utils.RedisUtil] is not eligible for getting processed by all BeanPostProcessors (for example: not eligible for auto-proxying)
2019-11-28 10:41:07.743  INFO 7060 --- [main] trationDelegate$BeanPostProcessorChecker : Bean 'userServiceImpl' of type [com.lra.common.service.impl.UserServiceImpl] is not eligible for getting processed by all BeanPostProcessors (for example: not eligible for auto-proxying)
2019-11-28 10:41:07.758  INFO 7060 --- [main] trationDelegate$BeanPostProcessorChecker : Bean 'audience' of type [com.lra.common.value.Audience] is not eligible for getting processed by all BeanPostProcessors (for example: not eligible for auto-proxying)
2019-11-28 10:41:07.758  INFO 7060 --- [main] trationDelegate$BeanPostProcessorChecker : Bean 'myShiroRealm' of type [com.lra.common.shrio.MyShiroRealm] is not eligible for getting processed by all BeanPostProcessors (for example: not eligible for auto-proxying)
2019-11-28 10:41:07.773  INFO 7060 --- [main] trationDelegate$BeanPostProcessorChecker : Bean 'redisSessionDAO' of type [org.crazycake.shiro.RedisSessionDAO] is not eligible for getting processed by all BeanPostProcessors (for example: not eligible for auto-proxying)
2019-11-28 10:41:07.777  INFO 7060 --- [main] trationDelegate$BeanPostProcessorChecker : Bean 'sessionManager' of type [com.lra.common.shrio.SessionConfig] is not eligible for getting processed by all BeanPostProcessors (for example: not eligible for auto-proxying)
2019-11-28 10:41:07.783  INFO 7060 --- [main] trationDelegate$BeanPostProcessorChecker : Bean 'cacheManager2' of type [org.crazycake.shiro.RedisCacheManager] is not eligible for getting processed by all BeanPostProcessors (for example: not eligible for auto-proxying)
2019-11-28 10:41:07.787  INFO 7060 --- [main] trationDelegate$BeanPostProcessorChecker : Bean 'securityManager' of type [org.apache.shiro.web.mgt.DefaultWebSecurityManager] is not eligible for getting processed by all BeanPostProcessors (for example: not eligible for auto-proxying)
2019-11-28 10:41:07.818  INFO 7060 --- [main] trationDelegate$BeanPostProcessorChecker : Bean 'authorizationAttributeSourceAdvisor' of type [org.apache.shiro.spring.security.interceptor.AuthorizationAttributeSourceAdvisor] is not eligible for getting processed by all BeanPostProcessors (for example: not eligible for auto-proxying)
2019-11-28 10:41:08.208  INFO 7060 --- [main] o.s.b.w.embedded.tomcat.TomcatWebServer  : Tomcat initialized with port(s): 9999 (http)
2019-11-28 10:41:08.222  INFO 7060 --- [main] o.apache.catalina.core.StandardService   : Starting service [Tomcat]
2019-11-28 10:41:08.222  INFO 7060 --- [main] org.apache.catalina.core.StandardEngine  : Starting Servlet engine: [Apache Tomcat/9.0.27]
2019-11-28 10:41:08.353  INFO 7060 --- [main] o.a.c.c.C.[Tomcat].[localhost].[/]       : Initializing Spring embedded WebApplicationContext
2019-11-28 10:41:08.353  INFO 7060 --- [main] o.s.web.context.ContextLoader            : Root WebApplicationContext: initialization completed in 8493 ms
2019-11-28 10:41:09.302  INFO 7060 --- [main] o.s.b.a.e.web.EndpointLinksResolver      : Exposing 2 endpoint(s) beneath base path '/actuator'
2019-11-28 10:41:09.408  INFO 7060 --- [main] pertySourcedRequestMappingHandlerMapping : Mapped URL path [/v2/api-docs] onto method [springfox.documentation.swagger2.web.Swagger2Controller#getDocumentation(String, HttpServletRequest)]
2019-11-28 10:41:09.707  INFO 7060 --- [main] o.s.s.concurrent.ThreadPoolTaskExecutor  : Initializing ExecutorService 'applicationTaskExecutor'
2019-11-28 10:41:10.590  WARN 7060 --- [main] o.s.x.transform.TransformerFactoryUtils  : http://javax.xml.XMLConstants/property/accessExternalDTD property not supported by net.sf.saxon.TransformerFactoryImpl
2019-11-28 10:41:10.591  WARN 7060 --- [main] o.s.x.transform.TransformerFactoryUtils  : http://javax.xml.XMLConstants/property/accessExternalStylesheet property not supported by net.sf.saxon.TransformerFactoryImpl
2019-11-28 10:41:10.663  INFO 7060 --- [main] d.s.w.p.DocumentationPluginsBootstrapper : Context refreshed
2019-11-28 10:41:10.685  INFO 7060 --- [main] d.s.w.p.DocumentationPluginsBootstrapper : Found 1 custom documentation plugin(s)
2019-11-28 10:41:10.732  INFO 7060 --- [main] s.d.s.w.s.ApiListingReferenceScanner     : Scanning for api listing references
2019-11-28 10:41:11.220  INFO 7060 --- [main] o.s.b.w.embedded.tomcat.TomcatWebServer  : Tomcat started on port(s): 9999 (http) with context path ''
2019-11-28 10:41:11.223  INFO 7060 --- [main] com.lra.user.ShopUserApplication         : Started ShopUserApplication in 12.229 seconds (JVM running for 14.579)
2019-11-28 10:41:11.950  INFO 7060 --- [RMI TCP Connection(5)-192.168.2.132] io.lettuce.core.EpollProvider            : Starting without optional epoll library
2019-11-28 10:41:11.953  INFO 7060 --- [RMI TCP Connection(5)-192.168.2.132] io.lettuce.core.KqueueProvider           : Starting without optional kqueue library
2019-11-28 10:41:12.124  INFO 7060 --- [RMI TCP Connection(7)-192.168.2.132] o.a.c.c.C.[Tomcat].[localhost].[/]       : Initializing Spring DispatcherServlet 'dispatcherServlet'
2019-11-28 10:41:12.125  INFO 7060 --- [RMI TCP Connection(7)-192.168.2.132] o.s.web.servlet.DispatcherServlet        : Initializing Servlet 'dispatcherServlet'
2019-11-28 10:41:12.147  INFO 7060 --- [RMI TCP Connection(7)-192.168.2.132] o.s.web.servlet.DispatcherServlet        : Completed initialization in 21 ms
2019-11-28 10:41:13.510  WARN 7060 --- [RMI TCP Connection(5)-192.168.2.132] o.s.b.a.redis.RedisHealthIndicator       : Redis health check failed

org.springframework.data.redis.RedisConnectionFailureException: Unable to connect to Redis; nested exception is io.lettuce.core.RedisConnectionException: Unable to connect to localhost:6379
	at org.springframework.data.redis.connection.lettuce.LettuceConnectionFactory$SharedConnection.getNativeConnection(LettuceConnectionFactory.java:1189) ~[spring-data-redis-2.2.0.RELEASE.jar:2.2.0.RELEASE]
	at org.springframework.data.redis.connection.lettuce.LettuceConnectionFactory$SharedConnection.getConnection(LettuceConnectionFactory.java:1168) ~[spring-data-redis-2.2.0.RELEASE.jar:2.2.0.RELEASE]
	at org.springframework.data.redis.connection.lettuce.LettuceConnectionFactory.getSharedConnection(LettuceConnectionFactory.java:941) ~[spring-data-redis-2.2.0.RELEASE.jar:2.2.0.RELEASE]
	at org.springframework.data.redis.connection.lettuce.LettuceConnectionFactory.getConnection(LettuceConnectionFactory.java:352) ~[spring-data-redis-2.2.0.RELEASE.jar:2.2.0.RELEASE]
	at org.springframework.data.redis.core.RedisConnectionUtils.doGetConnection(RedisConnectionUtils.java:132) ~[spring-data-redis-2.2.0.RELEASE.jar:2.2.0.RELEASE]
	at org.springframework.data.redis.core.RedisConnectionUtils.getConnection(RedisConnectionUtils.java:95) ~[spring-data-redis-2.2.0.RELEASE.jar:2.2.0.RELEASE]
	at org.springframework.data.redis.core.RedisConnectionUtils.getConnection(RedisConnectionUtils.java:82) ~[spring-data-redis-2.2.0.RELEASE.jar:2.2.0.RELEASE]
	at org.springframework.boot.actuate.redis.RedisHealthIndicator.doHealthCheck(RedisHealthIndicator.java:55) ~[spring-boot-actuator-2.2.0.RELEASE.jar:2.2.0.RELEASE]
	at org.springframework.boot.actuate.health.AbstractHealthIndicator.health(AbstractHealthIndicator.java:82) ~[spring-boot-actuator-2.2.0.RELEASE.jar:2.2.0.RELEASE]
	at org.springframework.boot.actuate.health.HealthIndicator.getHealth(HealthIndicator.java:37) [spring-boot-actuator-2.2.0.RELEASE.jar:2.2.0.RELEASE]
	at org.springframework.boot.actuate.health.HealthEndpoint.getHealth(HealthEndpoint.java:80) [spring-boot-actuator-2.2.0.RELEASE.jar:2.2.0.RELEASE]
	at org.springframework.boot.actuate.health.HealthEndpoint.getHealth(HealthEndpoint.java:38) [spring-boot-actuator-2.2.0.RELEASE.jar:2.2.0.RELEASE]
	at org.springframework.boot.actuate.health.HealthEndpointSupport.getContribution(HealthEndpointSupport.java:106) [spring-boot-actuator-2.2.0.RELEASE.jar:2.2.0.RELEASE]
	at org.springframework.boot.actuate.health.HealthEndpointSupport.getAggregateHealth(HealthEndpointSupport.java:116) [spring-boot-actuator-2.2.0.RELEASE.jar:2.2.0.RELEASE]
	at org.springframework.boot.actuate.health.HealthEndpointSupport.getContribution(HealthEndpointSupport.java:103) [spring-boot-actuator-2.2.0.RELEASE.jar:2.2.0.RELEASE]
	at org.springframework.boot.actuate.health.HealthEndpointSupport.getHealth(HealthEndpointSupport.java:81) [spring-boot-actuator-2.2.0.RELEASE.jar:2.2.0.RELEASE]
	at org.springframework.boot.actuate.health.HealthEndpointSupport.getHealth(HealthEndpointSupport.java:68) [spring-boot-actuator-2.2.0.RELEASE.jar:2.2.0.RELEASE]
	at org.springframework.boot.actuate.health.HealthEndpoint.health(HealthEndpoint.java:74) [spring-boot-actuator-2.2.0.RELEASE.jar:2.2.0.RELEASE]
	at org.springframework.boot.actuate.health.HealthEndpoint.health(HealthEndpoint.java:65) [spring-boot-actuator-2.2.0.RELEASE.jar:2.2.0.RELEASE]
	at sun.reflect.NativeMethodAccessorImpl.invoke0(Native Method) ~[na:1.8.0_144]
	at sun.reflect.NativeMethodAccessorImpl.invoke(NativeMethodAccessorImpl.java:62) ~[na:1.8.0_144]
	at sun.reflect.DelegatingMethodAccessorImpl.invoke(DelegatingMethodAccessorImpl.java:43) ~[na:1.8.0_144]
	at java.lang.reflect.Method.invoke(Method.java:498) ~[na:1.8.0_144]
	at org.springframework.util.ReflectionUtils.invokeMethod(ReflectionUtils.java:279) [spring-core-5.2.0.RELEASE.jar:5.2.0.RELEASE]
	at org.springframework.boot.actuate.endpoint.invoke.reflect.ReflectiveOperationInvoker.invoke(ReflectiveOperationInvoker.java:77) [spring-boot-actuator-2.2.0.RELEASE.jar:2.2.0.RELEASE]
	at org.springframework.boot.actuate.endpoint.annotation.AbstractDiscoveredOperation.invoke(AbstractDiscoveredOperation.java:60) [spring-boot-actuator-2.2.0.RELEASE.jar:2.2.0.RELEASE]
	at org.springframework.boot.actuate.endpoint.jmx.EndpointMBean.invoke(EndpointMBean.java:121) [spring-boot-actuator-2.2.0.RELEASE.jar:2.2.0.RELEASE]
	at org.springframework.boot.actuate.endpoint.jmx.EndpointMBean.invoke(EndpointMBean.java:96) [spring-boot-actuator-2.2.0.RELEASE.jar:2.2.0.RELEASE]
	at com.sun.jmx.interceptor.DefaultMBeanServerInterceptor.invoke(DefaultMBeanServerInterceptor.java:819) [na:1.8.0_144]
	at com.sun.jmx.mbeanserver.JmxMBeanServer.invoke(JmxMBeanServer.java:801) [na:1.8.0_144]
	at javax.management.remote.rmi.RMIConnectionImpl.doOperation(RMIConnectionImpl.java:1468) [na:1.8.0_144]
	at javax.management.remote.rmi.RMIConnectionImpl.access$300(RMIConnectionImpl.java:76) [na:1.8.0_144]
	at javax.management.remote.rmi.RMIConnectionImpl$PrivilegedOperation.run(RMIConnectionImpl.java:1309) [na:1.8.0_144]
	at javax.management.remote.rmi.RMIConnectionImpl.doPrivilegedOperation(RMIConnectionImpl.java:1401) [na:1.8.0_144]
	at javax.management.remote.rmi.RMIConnectionImpl.invoke(RMIConnectionImpl.java:829) [na:1.8.0_144]
	at sun.reflect.NativeMethodAccessorImpl.invoke0(Native Method) ~[na:1.8.0_144]
	at sun.reflect.NativeMethodAccessorImpl.invoke(NativeMethodAccessorImpl.java:62) ~[na:1.8.0_144]
	at sun.reflect.DelegatingMethodAccessorImpl.invoke(DelegatingMethodAccessorImpl.java:43) ~[na:1.8.0_144]
	at java.lang.reflect.Method.invoke(Method.java:498) ~[na:1.8.0_144]
	at sun.rmi.server.UnicastServerRef.dispatch(UnicastServerRef.java:357) [na:1.8.0_144]
	at sun.rmi.transport.Transport$1.run(Transport.java:200) [na:1.8.0_144]
	at sun.rmi.transport.Transport$1.run(Transport.java:197) [na:1.8.0_144]
	at java.security.AccessController.doPrivileged(Native Method) [na:1.8.0_144]
	at sun.rmi.transport.Transport.serviceCall(Transport.java:196) [na:1.8.0_144]
	at sun.rmi.transport.tcp.TCPTransport.handleMessages(TCPTransport.java:568) [na:1.8.0_144]
	at sun.rmi.transport.tcp.TCPTransport$ConnectionHandler.run0(TCPTransport.java:826) [na:1.8.0_144]
	at sun.rmi.transport.tcp.TCPTransport$ConnectionHandler.lambda$run$0(TCPTransport.java:683) [na:1.8.0_144]
	at java.security.AccessController.doPrivileged(Native Method) [na:1.8.0_144]
	at sun.rmi.transport.tcp.TCPTransport$ConnectionHandler.run(TCPTransport.java:682) [na:1.8.0_144]
	at java.util.concurrent.ThreadPoolExecutor.runWorker(ThreadPoolExecutor.java:1149) ~[na:1.8.0_144]
	at java.util.concurrent.ThreadPoolExecutor$Worker.run(ThreadPoolExecutor.java:624) ~[na:1.8.0_144]
	at java.lang.Thread.run(Thread.java:748) ~[na:1.8.0_144]
Caused by: io.lettuce.core.RedisConnectionException: Unable to connect to localhost:6379
	at io.lettuce.core.RedisConnectionException.create(RedisConnectionException.java:78) ~[lettuce-core-5.2.0.RELEASE.jar:5.2.0.RELEASE]
	at io.lettuce.core.RedisConnectionException.create(RedisConnectionException.java:56) ~[lettuce-core-5.2.0.RELEASE.jar:5.2.0.RELEASE]
	at io.lettuce.core.AbstractRedisClient.getConnection(AbstractRedisClient.java:234) ~[lettuce-core-5.2.0.RELEASE.jar:5.2.0.RELEASE]
	at io.lettuce.core.RedisClient.connect(RedisClient.java:207) ~[lettuce-core-5.2.0.RELEASE.jar:5.2.0.RELEASE]
	at org.springframework.data.redis.connection.lettuce.StandaloneConnectionProvider.lambda$getConnection$1(StandaloneConnectionProvider.java:115) ~[spring-data-redis-2.2.0.RELEASE.jar:2.2.0.RELEASE]
	at java.util.Optional.orElseGet(Optional.java:267) ~[na:1.8.0_144]
	at org.springframework.data.redis.connection.lettuce.StandaloneConnectionProvider.getConnection(StandaloneConnectionProvider.java:115) ~[spring-data-redis-2.2.0.RELEASE.jar:2.2.0.RELEASE]
	at org.springframework.data.redis.connection.lettuce.LettuceConnectionFactory$SharedConnection.getNativeConnection(LettuceConnectionFactory.java:1187) ~[spring-data-redis-2.2.0.RELEASE.jar:2.2.0.RELEASE]
	... 51 common frames omitted
Caused by: io.netty.channel.AbstractChannel$AnnotatedConnectException: Connection refused: no further information: localhost/127.0.0.1:6379
Caused by: java.net.ConnectException: Connection refused: no further information
	at sun.nio.ch.SocketChannelImpl.checkConnect(Native Method) ~[na:1.8.0_144]
	at sun.nio.ch.SocketChannelImpl.finishConnect(SocketChannelImpl.java:717) ~[na:1.8.0_144]
	at io.netty.channel.socket.nio.NioSocketChannel.doFinishConnect(NioSocketChannel.java:327) ~[netty-transport-4.1.42.Final.jar:4.1.42.Final]
	at io.netty.channel.nio.AbstractNioChannel$AbstractNioUnsafe.finishConnect(AbstractNioChannel.java:334) ~[netty-transport-4.1.42.Final.jar:4.1.42.Final]
	at io.netty.channel.nio.NioEventLoop.processSelectedKey(NioEventLoop.java:688) ~[netty-transport-4.1.42.Final.jar:4.1.42.Final]
	at io.netty.channel.nio.NioEventLoop.processSelectedKeysOptimized(NioEventLoop.java:635) ~[netty-transport-4.1.42.Final.jar:4.1.42.Final]
	at io.netty.channel.nio.NioEventLoop.processSelectedKeys(NioEventLoop.java:552) ~[netty-transport-4.1.42.Final.jar:4.1.42.Final]
	at io.netty.channel.nio.NioEventLoop.run(NioEventLoop.java:514) ~[netty-transport-4.1.42.Final.jar:4.1.42.Final]
	at io.netty.util.concurrent.SingleThreadEventExecutor$6.run(SingleThreadEventExecutor.java:1044) ~[netty-common-4.1.42.Final.jar:4.1.42.Final]
	at io.netty.util.internal.ThreadExecutorMap$2.run(ThreadExecutorMap.java:74) ~[netty-common-4.1.42.Final.jar:4.1.42.Final]
	at io.netty.util.concurrent.FastThreadLocalRunnable.run(FastThreadLocalRunnable.java:30) ~[netty-common-4.1.42.Final.jar:4.1.42.Final]
	at java.lang.Thread.run(Thread.java:748) ~[na:1.8.0_144]

2019-11-28 10:42:03.440  INFO 7060 --- [SpringContextShutdownHook] o.s.s.concurrent.ThreadPoolTaskExecutor  : Shutting down ExecutorService 'applicationTaskExecutor'
2019-11-28 10:42:04.579  INFO 7060 --- [SpringContextShutdownHook] com.zaxxer.hikari.HikariDataSource       : HikariPool-1 - Shutdown initiated...
2019-11-28 10:42:04.599  INFO 7060 --- [SpringContextShutdownHook] com.zaxxer.hikari.HikariDataSource       : HikariPool-1 - Shutdown completed.
2019-11-28 10:42:22.453  INFO 3888 --- [main] com.lra.user.ShopUserApplication         : Starting ShopUserApplication on Leon-PC with PID 3888 (C:\Users\XY\Desktop\webmagic\graduation\shop-user\target\classes started by XY in C:\Users\XY\Desktop\webmagic\graduation)
2019-11-28 10:42:22.460  INFO 3888 --- [main] com.lra.user.ShopUserApplication         : The following profiles are active: common
2019-11-28 10:42:24.267  INFO 3888 --- [main] .s.d.r.c.RepositoryConfigurationDelegate : Multiple Spring Data modules found, entering strict repository configuration mode!
2019-11-28 10:42:24.270  INFO 3888 --- [main] .s.d.r.c.RepositoryConfigurationDelegate : Bootstrapping Spring Data repositories in DEFAULT mode.
2019-11-28 10:42:24.300  INFO 3888 --- [main] .s.d.r.c.RepositoryConfigurationDelegate : Finished Spring Data repository scanning in 11ms. Found 0 repository interfaces.
2019-11-28 10:42:24.660  INFO 3888 --- [main] trationDelegate$BeanPostProcessorChecker : Bean 'org.springframework.ws.config.annotation.DelegatingWsConfiguration' of type [org.springframework.ws.config.annotation.DelegatingWsConfiguration$$EnhancerBySpringCGLIB$$73cc6801] is not eligible for getting processed by all BeanPostProcessors (for example: not eligible for auto-proxying)
2019-11-28 10:42:24.721  INFO 3888 --- [main] .w.s.a.s.AnnotationActionEndpointMapping : Supporting [WS-Addressing August 2004, WS-Addressing 1.0]
2019-11-28 10:42:24.749  INFO 3888 --- [main] trationDelegate$BeanPostProcessorChecker : Bean 'org.springframework.transaction.annotation.ProxyTransactionManagementConfiguration' of type [org.springframework.transaction.annotation.ProxyTransactionManagementConfiguration] is not eligible for getting processed by all BeanPostProcessors (for example: not eligible for auto-proxying)
2019-11-28 10:42:24.932  INFO 3888 --- [main] trationDelegate$BeanPostProcessorChecker : Bean 'shiroConfig' of type [com.lra.common.shrio.ShiroConfig$$EnhancerBySpringCGLIB$$469c22ac] is not eligible for getting processed by all BeanPostProcessors (for example: not eligible for auto-proxying)
2019-11-28 10:42:25.269  INFO 3888 --- [main] trationDelegate$BeanPostProcessorChecker : Bean 'mybatis-plus-com.baomidou.mybatisplus.autoconfigure.MybatisPlusProperties' of type [com.baomidou.mybatisplus.autoconfigure.MybatisPlusProperties] is not eligible for getting processed by all BeanPostProcessors (for example: not eligible for auto-proxying)
2019-11-28 10:42:25.279  INFO 3888 --- [main] trationDelegate$BeanPostProcessorChecker : Bean 'com.baomidou.mybatisplus.autoconfigure.MybatisPlusAutoConfiguration' of type [com.baomidou.mybatisplus.autoconfigure.MybatisPlusAutoConfiguration$$EnhancerBySpringCGLIB$$cfd0f9c] is not eligible for getting processed by all BeanPostProcessors (for example: not eligible for auto-proxying)
2019-11-28 10:42:25.282  INFO 3888 --- [main] trationDelegate$BeanPostProcessorChecker : Bean 'org.springframework.boot.autoconfigure.jdbc.DataSourceConfiguration$Hikari' of type [org.springframework.boot.autoconfigure.jdbc.DataSourceConfiguration$Hikari] is not eligible for getting processed by all BeanPostProcessors (for example: not eligible for auto-proxying)
2019-11-28 10:42:25.288  INFO 3888 --- [main] trationDelegate$BeanPostProcessorChecker : Bean 'spring.datasource-org.springframework.boot.autoconfigure.jdbc.DataSourceProperties' of type [org.springframework.boot.autoconfigure.jdbc.DataSourceProperties] is not eligible for getting processed by all BeanPostProcessors (for example: not eligible for auto-proxying)
2019-11-28 10:42:25.311  INFO 3888 --- [main] trationDelegate$BeanPostProcessorChecker : Bean 'dataSource' of type [com.zaxxer.hikari.HikariDataSource] is not eligible for getting processed by all BeanPostProcessors (for example: not eligible for auto-proxying)
2019-11-28 10:42:25.328  INFO 3888 --- [main] trationDelegate$BeanPostProcessorChecker : Bean 'org.springframework.boot.autoconfigure.jdbc.DataSourceInitializerInvoker' of type [org.springframework.boot.autoconfigure.jdbc.DataSourceInitializerInvoker] is not eligible for getting processed by all BeanPostProcessors (for example: not eligible for auto-proxying)
2019-11-28 10:42:25.390  INFO 3888 --- [main] trationDelegate$BeanPostProcessorChecker : Bean 'fillMetaObjectHandler' of type [com.lra.common.handler.FillMetaObjectHandler] is not eligible for getting processed by all BeanPostProcessors (for example: not eligible for auto-proxying)
2019-11-28 10:42:25.394  INFO 3888 --- [main] trationDelegate$BeanPostProcessorChecker : Bean 'myBatisPlusConfiguration' of type [com.lra.user.config.MyBatisPlusConfiguration$$EnhancerBySpringCGLIB$$7f241e19] is not eligible for getting processed by all BeanPostProcessors (for example: not eligible for auto-proxying)
2019-11-28 10:42:25.398  INFO 3888 --- [main] trationDelegate$BeanPostProcessorChecker : Bean 'sqlInjector' of type [com.baomidou.mybatisplus.extension.injector.LogicSqlInjector] is not eligible for getting processed by all BeanPostProcessors (for example: not eligible for auto-proxying)
2019-11-28 10:42:25.426  INFO 3888 --- [main] com.zaxxer.hikari.HikariDataSource       : HikariPool-1 - Starting...
2019-11-28 10:42:25.563  INFO 3888 --- [main] com.zaxxer.hikari.HikariDataSource       : HikariPool-1 - Start completed.
2019-11-28 10:42:25.899  INFO 3888 --- [main] trationDelegate$BeanPostProcessorChecker : Bean 'sqlSessionFactory' of type [org.apache.ibatis.session.defaults.DefaultSqlSessionFactory] is not eligible for getting processed by all BeanPostProcessors (for example: not eligible for auto-proxying)
2019-11-28 10:42:25.906  INFO 3888 --- [main] trationDelegate$BeanPostProcessorChecker : Bean 'sqlSessionTemplate' of type [org.mybatis.spring.SqlSessionTemplate] is not eligible for getting processed by all BeanPostProcessors (for example: not eligible for auto-proxying)
2019-11-28 10:42:25.911  INFO 3888 --- [main] trationDelegate$BeanPostProcessorChecker : Bean 'roleMapper' of type [org.mybatis.spring.mapper.MapperFactoryBean] is not eligible for getting processed by all BeanPostProcessors (for example: not eligible for auto-proxying)
2019-11-28 10:42:25.915  INFO 3888 --- [main] trationDelegate$BeanPostProcessorChecker : Bean 'roleMapper' of type [com.sun.proxy.$Proxy112] is not eligible for getting processed by all BeanPostProcessors (for example: not eligible for auto-proxying)
2019-11-28 10:42:25.923  INFO 3888 --- [main] trationDelegate$BeanPostProcessorChecker : Bean 'roleServiceImpl' of type [com.lra.common.service.impl.RoleServiceImpl] is not eligible for getting processed by all BeanPostProcessors (for example: not eligible for auto-proxying)
2019-11-28 10:42:25.963  INFO 3888 --- [main] trationDelegate$BeanPostProcessorChecker : Bean 'userMapper' of type [org.mybatis.spring.mapper.MapperFactoryBean] is not eligible for getting processed by all BeanPostProcessors (for example: not eligible for auto-proxying)
2019-11-28 10:42:25.964  INFO 3888 --- [main] trationDelegate$BeanPostProcessorChecker : Bean 'userMapper' of type [com.sun.proxy.$Proxy115] is not eligible for getting processed by all BeanPostProcessors (for example: not eligible for auto-proxying)
2019-11-28 10:42:25.971  INFO 3888 --- [main] trationDelegate$BeanPostProcessorChecker : Bean 'redisAutoConfiguration' of type [com.lra.common.config.RedisAutoConfiguration$$EnhancerBySpringCGLIB$$684bbb1c] is not eligible for getting processed by all BeanPostProcessors (for example: not eligible for auto-proxying)
2019-11-28 10:42:25.982  INFO 3888 --- [main] trationDelegate$BeanPostProcessorChecker : Bean 'spring.redis-org.springframework.boot.autoconfigure.data.redis.RedisProperties' of type [org.springframework.boot.autoconfigure.data.redis.RedisProperties] is not eligible for getting processed by all BeanPostProcessors (for example: not eligible for auto-proxying)
2019-11-28 10:42:25.985  INFO 3888 --- [main] trationDelegate$BeanPostProcessorChecker : Bean 'org.springframework.boot.autoconfigure.data.redis.LettuceConnectionConfiguration' of type [org.springframework.boot.autoconfigure.data.redis.LettuceConnectionConfiguration] is not eligible for getting processed by all BeanPostProcessors (for example: not eligible for auto-proxying)
2019-11-28 10:42:26.095  INFO 3888 --- [main] trationDelegate$BeanPostProcessorChecker : Bean 'lettuceClientResources' of type [io.lettuce.core.resource.DefaultClientResources] is not eligible for getting processed by all BeanPostProcessors (for example: not eligible for auto-proxying)
2019-11-28 10:42:26.195  INFO 3888 --- [main] trationDelegate$BeanPostProcessorChecker : Bean 'redisConnectionFactory' of type [org.springframework.data.redis.connection.lettuce.LettuceConnectionFactory] is not eligible for getting processed by all BeanPostProcessors (for example: not eligible for auto-proxying)
2019-11-28 10:42:26.314  INFO 3888 --- [main] trationDelegate$BeanPostProcessorChecker : Bean 'redisTemplate' of type [org.springframework.data.redis.core.RedisTemplate] is not eligible for getting processed by all BeanPostProcessors (for example: not eligible for auto-proxying)
2019-11-28 10:42:26.333  INFO 3888 --- [main] trationDelegate$BeanPostProcessorChecker : Bean 'redisUtil' of type [com.lra.common.utils.RedisUtil] is not eligible for getting processed by all BeanPostProcessors (for example: not eligible for auto-proxying)
2019-11-28 10:42:26.334  INFO 3888 --- [main] trationDelegate$BeanPostProcessorChecker : Bean 'userServiceImpl' of type [com.lra.common.service.impl.UserServiceImpl] is not eligible for getting processed by all BeanPostProcessors (for example: not eligible for auto-proxying)
2019-11-28 10:42:26.347  INFO 3888 --- [main] trationDelegate$BeanPostProcessorChecker : Bean 'audience' of type [com.lra.common.value.Audience] is not eligible for getting processed by all BeanPostProcessors (for example: not eligible for auto-proxying)
2019-11-28 10:42:26.347  INFO 3888 --- [main] trationDelegate$BeanPostProcessorChecker : Bean 'myShiroRealm' of type [com.lra.common.shrio.MyShiroRealm] is not eligible for getting processed by all BeanPostProcessors (for example: not eligible for auto-proxying)
2019-11-28 10:42:26.360  INFO 3888 --- [main] trationDelegate$BeanPostProcessorChecker : Bean 'redisSessionDAO' of type [org.crazycake.shiro.RedisSessionDAO] is not eligible for getting processed by all BeanPostProcessors (for example: not eligible for auto-proxying)
2019-11-28 10:42:26.364  INFO 3888 --- [main] trationDelegate$BeanPostProcessorChecker : Bean 'sessionManager' of type [com.lra.common.shrio.SessionConfig] is not eligible for getting processed by all BeanPostProcessors (for example: not eligible for auto-proxying)
2019-11-28 10:42:26.369  INFO 3888 --- [main] trationDelegate$BeanPostProcessorChecker : Bean 'cacheManager2' of type [org.crazycake.shiro.RedisCacheManager] is not eligible for getting processed by all BeanPostProcessors (for example: not eligible for auto-proxying)
2019-11-28 10:42:26.373  INFO 3888 --- [main] trationDelegate$BeanPostProcessorChecker : Bean 'securityManager' of type [org.apache.shiro.web.mgt.DefaultWebSecurityManager] is not eligible for getting processed by all BeanPostProcessors (for example: not eligible for auto-proxying)
2019-11-28 10:42:26.412  INFO 3888 --- [main] trationDelegate$BeanPostProcessorChecker : Bean 'authorizationAttributeSourceAdvisor' of type [org.apache.shiro.spring.security.interceptor.AuthorizationAttributeSourceAdvisor] is not eligible for getting processed by all BeanPostProcessors (for example: not eligible for auto-proxying)
2019-11-28 10:42:26.763  INFO 3888 --- [main] o.s.b.w.embedded.tomcat.TomcatWebServer  : Tomcat initialized with port(s): 9999 (http)
2019-11-28 10:42:26.772  INFO 3888 --- [main] o.apache.catalina.core.StandardService   : Starting service [Tomcat]
2019-11-28 10:42:26.773  INFO 3888 --- [main] org.apache.catalina.core.StandardEngine  : Starting Servlet engine: [Apache Tomcat/9.0.27]
2019-11-28 10:42:26.886  INFO 3888 --- [main] o.a.c.c.C.[Tomcat].[localhost].[/]       : Initializing Spring embedded WebApplicationContext
2019-11-28 10:42:26.886  INFO 3888 --- [main] o.s.web.context.ContextLoader            : Root WebApplicationContext: initialization completed in 4330 ms
2019-11-28 10:42:28.141  INFO 3888 --- [main] o.s.b.a.e.web.EndpointLinksResolver      : Exposing 2 endpoint(s) beneath base path '/actuator'
2019-11-28 10:42:28.237  INFO 3888 --- [main] pertySourcedRequestMappingHandlerMapping : Mapped URL path [/v2/api-docs] onto method [springfox.documentation.swagger2.web.Swagger2Controller#getDocumentation(String, HttpServletRequest)]
2019-11-28 10:42:28.457  INFO 3888 --- [main] o.s.s.concurrent.ThreadPoolTaskExecutor  : Initializing ExecutorService 'applicationTaskExecutor'
2019-11-28 10:42:30.095  WARN 3888 --- [main] o.s.x.transform.TransformerFactoryUtils  : http://javax.xml.XMLConstants/property/accessExternalDTD property not supported by net.sf.saxon.TransformerFactoryImpl
2019-11-28 10:42:30.096  WARN 3888 --- [main] o.s.x.transform.TransformerFactoryUtils  : http://javax.xml.XMLConstants/property/accessExternalStylesheet property not supported by net.sf.saxon.TransformerFactoryImpl
2019-11-28 10:42:30.197  INFO 3888 --- [main] d.s.w.p.DocumentationPluginsBootstrapper : Context refreshed
2019-11-28 10:42:30.217  INFO 3888 --- [main] d.s.w.p.DocumentationPluginsBootstrapper : Found 1 custom documentation plugin(s)
2019-11-28 10:42:30.273  INFO 3888 --- [main] s.d.s.w.s.ApiListingReferenceScanner     : Scanning for api listing references
2019-11-28 10:42:30.754  INFO 3888 --- [main] o.s.b.w.embedded.tomcat.TomcatWebServer  : Tomcat started on port(s): 9999 (http) with context path ''
2019-11-28 10:42:30.758  INFO 3888 --- [main] com.lra.user.ShopUserApplication         : Started ShopUserApplication in 9.422 seconds (JVM running for 10.842)
2019-11-28 10:42:31.057  INFO 3888 --- [RMI TCP Connection(5)-192.168.2.132] o.a.c.c.C.[Tomcat].[localhost].[/]       : Initializing Spring DispatcherServlet 'dispatcherServlet'
2019-11-28 10:42:31.057  INFO 3888 --- [RMI TCP Connection(5)-192.168.2.132] o.s.web.servlet.DispatcherServlet        : Initializing Servlet 'dispatcherServlet'
2019-11-28 10:42:31.073  INFO 3888 --- [RMI TCP Connection(5)-192.168.2.132] o.s.web.servlet.DispatcherServlet        : Completed initialization in 16 ms
2019-11-28 10:42:31.287  INFO 3888 --- [RMI TCP Connection(6)-192.168.2.132] io.lettuce.core.EpollProvider            : Starting without optional epoll library
2019-11-28 10:42:31.290  INFO 3888 --- [RMI TCP Connection(6)-192.168.2.132] io.lettuce.core.KqueueProvider           : Starting without optional kqueue library
2019-11-28 10:42:44.788  INFO 3888 --- [http-nio-9999-exec-2] a.s.s.m.AbstractValidatingSessionManager : Enabling session validation scheduler...
2019-11-28 10:42:44.798  INFO 3888 --- [http-nio-9999-exec-2] com.lra.common.shrio.MyShiroRealm        : ————————身份认证失败——————————IP地址:  
2019-11-28 10:42:44.809 ERROR 3888 --- [http-nio-9999-exec-2] o.a.c.c.C.[.[.[/].[dispatcherServlet]    : Servlet.service() for servlet [dispatcherServlet] in context with path [] threw exception [org.apache.shiro.authc.AuthenticationException: Token失效请重新登录] with root cause

org.apache.shiro.authc.AuthenticationException: Token失效请重新登录
	at com.lra.common.shrio.JwtFilter.isAccessAllowed(JwtFilter.java:37) ~[classes/:na]
	at org.apache.shiro.web.filter.AccessControlFilter.onPreHandle(AccessControlFilter.java:162) ~[shiro-web-1.4.0.jar:1.4.0]
	at org.apache.shiro.web.filter.PathMatchingFilter.isFilterChainContinued(PathMatchingFilter.java:203) ~[shiro-web-1.4.0.jar:1.4.0]
	at org.apache.shiro.web.filter.PathMatchingFilter.preHandle(PathMatchingFilter.java:178) ~[shiro-web-1.4.0.jar:1.4.0]
	at com.lra.common.shrio.JwtFilter.preHandle(JwtFilter.java:71) ~[classes/:na]
	at org.apache.shiro.web.servlet.AdviceFilter.doFilterInternal(AdviceFilter.java:131) ~[shiro-web-1.4.0.jar:1.4.0]
	at org.apache.shiro.web.servlet.OncePerRequestFilter.doFilter(OncePerRequestFilter.java:125) ~[shiro-web-1.4.0.jar:1.4.0]
	at org.apache.shiro.web.servlet.ProxiedFilterChain.doFilter(ProxiedFilterChain.java:66) ~[shiro-web-1.4.0.jar:1.4.0]
	at org.apache.shiro.web.servlet.AbstractShiroFilter.executeChain(AbstractShiroFilter.java:449) ~[shiro-web-1.4.0.jar:1.4.0]
	at org.apache.shiro.web.servlet.AbstractShiroFilter$1.call(AbstractShiroFilter.java:365) ~[shiro-web-1.4.0.jar:1.4.0]
	at org.apache.shiro.subject.support.SubjectCallable.doCall(SubjectCallable.java:90) ~[shiro-core-1.4.0.jar:1.4.0]
	at org.apache.shiro.subject.support.SubjectCallable.call(SubjectCallable.java:83) ~[shiro-core-1.4.0.jar:1.4.0]
	at org.apache.shiro.subject.support.DelegatingSubject.execute(DelegatingSubject.java:387) ~[shiro-core-1.4.0.jar:1.4.0]
	at org.apache.shiro.web.servlet.AbstractShiroFilter.doFilterInternal(AbstractShiroFilter.java:362) ~[shiro-web-1.4.0.jar:1.4.0]
	at org.apache.shiro.web.servlet.OncePerRequestFilter.doFilter(OncePerRequestFilter.java:125) ~[shiro-web-1.4.0.jar:1.4.0]
	at org.apache.catalina.core.ApplicationFilterChain.internalDoFilter(ApplicationFilterChain.java:193) ~[tomcat-embed-core-9.0.27.jar:9.0.27]
	at org.apache.catalina.core.ApplicationFilterChain.doFilter(ApplicationFilterChain.java:166) ~[tomcat-embed-core-9.0.27.jar:9.0.27]
	at org.springframework.web.filter.RequestContextFilter.doFilterInternal(RequestContextFilter.java:100) ~[spring-web-5.2.0.RELEASE.jar:5.2.0.RELEASE]
	at org.springframework.web.filter.OncePerRequestFilter.doFilter(OncePerRequestFilter.java:119) ~[spring-web-5.2.0.RELEASE.jar:5.2.0.RELEASE]
	at org.apache.catalina.core.ApplicationFilterChain.internalDoFilter(ApplicationFilterChain.java:193) ~[tomcat-embed-core-9.0.27.jar:9.0.27]
	at org.apache.catalina.core.ApplicationFilterChain.doFilter(ApplicationFilterChain.java:166) ~[tomcat-embed-core-9.0.27.jar:9.0.27]
	at org.springframework.web.filter.FormContentFilter.doFilterInternal(FormContentFilter.java:93) ~[spring-web-5.2.0.RELEASE.jar:5.2.0.RELEASE]
	at org.springframework.web.filter.OncePerRequestFilter.doFilter(OncePerRequestFilter.java:119) ~[spring-web-5.2.0.RELEASE.jar:5.2.0.RELEASE]
	at org.apache.catalina.core.ApplicationFilterChain.internalDoFilter(ApplicationFilterChain.java:193) ~[tomcat-embed-core-9.0.27.jar:9.0.27]
	at org.apache.catalina.core.ApplicationFilterChain.doFilter(ApplicationFilterChain.java:166) ~[tomcat-embed-core-9.0.27.jar:9.0.27]
	at org.springframework.boot.actuate.metrics.web.servlet.WebMvcMetricsFilter.doFilterInternal(WebMvcMetricsFilter.java:108) ~[spring-boot-actuator-2.2.0.RELEASE.jar:2.2.0.RELEASE]
	at org.springframework.web.filter.OncePerRequestFilter.doFilter(OncePerRequestFilter.java:119) ~[spring-web-5.2.0.RELEASE.jar:5.2.0.RELEASE]
	at org.apache.catalina.core.ApplicationFilterChain.internalDoFilter(ApplicationFilterChain.java:193) ~[tomcat-embed-core-9.0.27.jar:9.0.27]
	at org.apache.catalina.core.ApplicationFilterChain.doFilter(ApplicationFilterChain.java:166) ~[tomcat-embed-core-9.0.27.jar:9.0.27]
	at org.springframework.web.filter.CharacterEncodingFilter.doFilterInternal(CharacterEncodingFilter.java:201) ~[spring-web-5.2.0.RELEASE.jar:5.2.0.RELEASE]
	at org.springframework.web.filter.OncePerRequestFilter.doFilter(OncePerRequestFilter.java:119) ~[spring-web-5.2.0.RELEASE.jar:5.2.0.RELEASE]
	at org.apache.catalina.core.ApplicationFilterChain.internalDoFilter(ApplicationFilterChain.java:193) ~[tomcat-embed-core-9.0.27.jar:9.0.27]
	at org.apache.catalina.core.ApplicationFilterChain.doFilter(ApplicationFilterChain.java:166) ~[tomcat-embed-core-9.0.27.jar:9.0.27]
	at org.apache.catalina.core.StandardWrapperValve.invoke(StandardWrapperValve.java:202) ~[tomcat-embed-core-9.0.27.jar:9.0.27]
	at org.apache.catalina.core.StandardContextValve.invoke(StandardContextValve.java:96) [tomcat-embed-core-9.0.27.jar:9.0.27]
	at org.apache.catalina.authenticator.AuthenticatorBase.invoke(AuthenticatorBase.java:526) [tomcat-embed-core-9.0.27.jar:9.0.27]
	at org.apache.catalina.core.StandardHostValve.invoke(StandardHostValve.java:139) [tomcat-embed-core-9.0.27.jar:9.0.27]
	at org.apache.catalina.valves.ErrorReportValve.invoke(ErrorReportValve.java:92) [tomcat-embed-core-9.0.27.jar:9.0.27]
	at org.apache.catalina.core.StandardEngineValve.invoke(StandardEngineValve.java:74) [tomcat-embed-core-9.0.27.jar:9.0.27]
	at org.apache.catalina.connector.CoyoteAdapter.service(CoyoteAdapter.java:343) [tomcat-embed-core-9.0.27.jar:9.0.27]
	at org.apache.coyote.http11.Http11Processor.service(Http11Processor.java:408) [tomcat-embed-core-9.0.27.jar:9.0.27]
	at org.apache.coyote.AbstractProcessorLight.process(AbstractProcessorLight.java:66) [tomcat-embed-core-9.0.27.jar:9.0.27]
	at org.apache.coyote.AbstractProtocol$ConnectionHandler.process(AbstractProtocol.java:861) [tomcat-embed-core-9.0.27.jar:9.0.27]
	at org.apache.tomcat.util.net.NioEndpoint$SocketProcessor.doRun(NioEndpoint.java:1579) [tomcat-embed-core-9.0.27.jar:9.0.27]
	at org.apache.tomcat.util.net.SocketProcessorBase.run(SocketProcessorBase.java:49) [tomcat-embed-core-9.0.27.jar:9.0.27]
	at java.util.concurrent.ThreadPoolExecutor.runWorker(ThreadPoolExecutor.java:1149) [na:1.8.0_144]
	at java.util.concurrent.ThreadPoolExecutor$Worker.run(ThreadPoolExecutor.java:624) [na:1.8.0_144]
	at org.apache.tomcat.util.threads.TaskThread$WrappingRunnable.run(TaskThread.java:61) [tomcat-embed-core-9.0.27.jar:9.0.27]
	at java.lang.Thread.run(Thread.java:748) [na:1.8.0_144]

2019-11-28 10:42:44.937  INFO 3888 --- [http-nio-9999-exec-1] com.lra.common.shrio.MyShiroRealm        : ————————身份认证失败——————————IP地址:  
2019-11-28 10:42:44.940 ERROR 3888 --- [http-nio-9999-exec-1] o.a.c.c.C.[.[.[/].[dispatcherServlet]    : Servlet.service() for servlet [dispatcherServlet] in context with path [] threw exception [org.apache.shiro.authc.AuthenticationException: Token失效请重新登录] with root cause

org.apache.shiro.authc.AuthenticationException: Token失效请重新登录
	at com.lra.common.shrio.JwtFilter.isAccessAllowed(JwtFilter.java:37) ~[classes/:na]
	at org.apache.shiro.web.filter.AccessControlFilter.onPreHandle(AccessControlFilter.java:162) ~[shiro-web-1.4.0.jar:1.4.0]
	at org.apache.shiro.web.filter.PathMatchingFilter.isFilterChainContinued(PathMatchingFilter.java:203) ~[shiro-web-1.4.0.jar:1.4.0]
	at org.apache.shiro.web.filter.PathMatchingFilter.preHandle(PathMatchingFilter.java:178) ~[shiro-web-1.4.0.jar:1.4.0]
	at com.lra.common.shrio.JwtFilter.preHandle(JwtFilter.java:71) ~[classes/:na]
	at org.apache.shiro.web.servlet.AdviceFilter.doFilterInternal(AdviceFilter.java:131) ~[shiro-web-1.4.0.jar:1.4.0]
	at org.apache.shiro.web.servlet.OncePerRequestFilter.doFilter(OncePerRequestFilter.java:125) ~[shiro-web-1.4.0.jar:1.4.0]
	at org.apache.shiro.web.servlet.ProxiedFilterChain.doFilter(ProxiedFilterChain.java:66) ~[shiro-web-1.4.0.jar:1.4.0]
	at org.apache.shiro.web.servlet.AbstractShiroFilter.executeChain(AbstractShiroFilter.java:449) ~[shiro-web-1.4.0.jar:1.4.0]
	at org.apache.shiro.web.servlet.AbstractShiroFilter$1.call(AbstractShiroFilter.java:365) ~[shiro-web-1.4.0.jar:1.4.0]
	at org.apache.shiro.subject.support.SubjectCallable.doCall(SubjectCallable.java:90) ~[shiro-core-1.4.0.jar:1.4.0]
	at org.apache.shiro.subject.support.SubjectCallable.call(SubjectCallable.java:83) ~[shiro-core-1.4.0.jar:1.4.0]
	at org.apache.shiro.subject.support.DelegatingSubject.execute(DelegatingSubject.java:387) ~[shiro-core-1.4.0.jar:1.4.0]
	at org.apache.shiro.web.servlet.AbstractShiroFilter.doFilterInternal(AbstractShiroFilter.java:362) ~[shiro-web-1.4.0.jar:1.4.0]
	at org.apache.shiro.web.servlet.OncePerRequestFilter.doFilter(OncePerRequestFilter.java:125) ~[shiro-web-1.4.0.jar:1.4.0]
	at org.apache.catalina.core.ApplicationFilterChain.internalDoFilter(ApplicationFilterChain.java:193) ~[tomcat-embed-core-9.0.27.jar:9.0.27]
	at org.apache.catalina.core.ApplicationFilterChain.doFilter(ApplicationFilterChain.java:166) ~[tomcat-embed-core-9.0.27.jar:9.0.27]
	at org.springframework.web.filter.RequestContextFilter.doFilterInternal(RequestContextFilter.java:100) ~[spring-web-5.2.0.RELEASE.jar:5.2.0.RELEASE]
	at org.springframework.web.filter.OncePerRequestFilter.doFilter(OncePerRequestFilter.java:119) ~[spring-web-5.2.0.RELEASE.jar:5.2.0.RELEASE]
	at org.apache.catalina.core.ApplicationFilterChain.internalDoFilter(ApplicationFilterChain.java:193) ~[tomcat-embed-core-9.0.27.jar:9.0.27]
	at org.apache.catalina.core.ApplicationFilterChain.doFilter(ApplicationFilterChain.java:166) ~[tomcat-embed-core-9.0.27.jar:9.0.27]
	at org.springframework.web.filter.FormContentFilter.doFilterInternal(FormContentFilter.java:93) ~[spring-web-5.2.0.RELEASE.jar:5.2.0.RELEASE]
	at org.springframework.web.filter.OncePerRequestFilter.doFilter(OncePerRequestFilter.java:119) ~[spring-web-5.2.0.RELEASE.jar:5.2.0.RELEASE]
	at org.apache.catalina.core.ApplicationFilterChain.internalDoFilter(ApplicationFilterChain.java:193) ~[tomcat-embed-core-9.0.27.jar:9.0.27]
	at org.apache.catalina.core.ApplicationFilterChain.doFilter(ApplicationFilterChain.java:166) ~[tomcat-embed-core-9.0.27.jar:9.0.27]
	at org.springframework.boot.actuate.metrics.web.servlet.WebMvcMetricsFilter.doFilterInternal(WebMvcMetricsFilter.java:108) ~[spring-boot-actuator-2.2.0.RELEASE.jar:2.2.0.RELEASE]
	at org.springframework.web.filter.OncePerRequestFilter.doFilter(OncePerRequestFilter.java:119) ~[spring-web-5.2.0.RELEASE.jar:5.2.0.RELEASE]
	at org.apache.catalina.core.ApplicationFilterChain.internalDoFilter(ApplicationFilterChain.java:193) ~[tomcat-embed-core-9.0.27.jar:9.0.27]
	at org.apache.catalina.core.ApplicationFilterChain.doFilter(ApplicationFilterChain.java:166) ~[tomcat-embed-core-9.0.27.jar:9.0.27]
	at org.springframework.web.filter.CharacterEncodingFilter.doFilterInternal(CharacterEncodingFilter.java:201) ~[spring-web-5.2.0.RELEASE.jar:5.2.0.RELEASE]
	at org.springframework.web.filter.OncePerRequestFilter.doFilter(OncePerRequestFilter.java:119) ~[spring-web-5.2.0.RELEASE.jar:5.2.0.RELEASE]
	at org.apache.catalina.core.ApplicationFilterChain.internalDoFilter(ApplicationFilterChain.java:193) ~[tomcat-embed-core-9.0.27.jar:9.0.27]
	at org.apache.catalina.core.ApplicationFilterChain.doFilter(ApplicationFilterChain.java:166) ~[tomcat-embed-core-9.0.27.jar:9.0.27]
	at org.apache.catalina.core.StandardWrapperValve.invoke(StandardWrapperValve.java:202) ~[tomcat-embed-core-9.0.27.jar:9.0.27]
	at org.apache.catalina.core.StandardContextValve.invoke(StandardContextValve.java:96) [tomcat-embed-core-9.0.27.jar:9.0.27]
	at org.apache.catalina.authenticator.AuthenticatorBase.invoke(AuthenticatorBase.java:526) [tomcat-embed-core-9.0.27.jar:9.0.27]
	at org.apache.catalina.core.StandardHostValve.invoke(StandardHostValve.java:139) [tomcat-embed-core-9.0.27.jar:9.0.27]
	at org.apache.catalina.valves.ErrorReportValve.invoke(ErrorReportValve.java:92) [tomcat-embed-core-9.0.27.jar:9.0.27]
	at org.apache.catalina.core.StandardEngineValve.invoke(StandardEngineValve.java:74) [tomcat-embed-core-9.0.27.jar:9.0.27]
	at org.apache.catalina.connector.CoyoteAdapter.service(CoyoteAdapter.java:343) [tomcat-embed-core-9.0.27.jar:9.0.27]
	at org.apache.coyote.http11.Http11Processor.service(Http11Processor.java:408) [tomcat-embed-core-9.0.27.jar:9.0.27]
	at org.apache.coyote.AbstractProcessorLight.process(AbstractProcessorLight.java:66) [tomcat-embed-core-9.0.27.jar:9.0.27]
	at org.apache.coyote.AbstractProtocol$ConnectionHandler.process(AbstractProtocol.java:861) [tomcat-embed-core-9.0.27.jar:9.0.27]
	at org.apache.tomcat.util.net.NioEndpoint$SocketProcessor.doRun(NioEndpoint.java:1579) [tomcat-embed-core-9.0.27.jar:9.0.27]
	at org.apache.tomcat.util.net.SocketProcessorBase.run(SocketProcessorBase.java:49) [tomcat-embed-core-9.0.27.jar:9.0.27]
	at java.util.concurrent.ThreadPoolExecutor.runWorker(ThreadPoolExecutor.java:1149) [na:1.8.0_144]
	at java.util.concurrent.ThreadPoolExecutor$Worker.run(ThreadPoolExecutor.java:624) [na:1.8.0_144]
	at org.apache.tomcat.util.threads.TaskThread$WrappingRunnable.run(TaskThread.java:61) [tomcat-embed-core-9.0.27.jar:9.0.27]
	at java.lang.Thread.run(Thread.java:748) [na:1.8.0_144]

2019-11-28 10:42:47.531  INFO 3888 --- [http-nio-9999-exec-3] com.lra.common.shrio.MyShiroRealm        : ————————身份认证失败——————————IP地址:  
2019-11-28 10:42:47.536 ERROR 3888 --- [http-nio-9999-exec-3] o.a.c.c.C.[.[.[/].[dispatcherServlet]    : Servlet.service() for servlet [dispatcherServlet] in context with path [] threw exception [org.apache.shiro.authc.AuthenticationException: Token失效请重新登录] with root cause

org.apache.shiro.authc.AuthenticationException: Token失效请重新登录
	at com.lra.common.shrio.JwtFilter.isAccessAllowed(JwtFilter.java:37) ~[classes/:na]
	at org.apache.shiro.web.filter.AccessControlFilter.onPreHandle(AccessControlFilter.java:162) ~[shiro-web-1.4.0.jar:1.4.0]
	at org.apache.shiro.web.filter.PathMatchingFilter.isFilterChainContinued(PathMatchingFilter.java:203) ~[shiro-web-1.4.0.jar:1.4.0]
	at org.apache.shiro.web.filter.PathMatchingFilter.preHandle(PathMatchingFilter.java:178) ~[shiro-web-1.4.0.jar:1.4.0]
	at com.lra.common.shrio.JwtFilter.preHandle(JwtFilter.java:71) ~[classes/:na]
	at org.apache.shiro.web.servlet.AdviceFilter.doFilterInternal(AdviceFilter.java:131) ~[shiro-web-1.4.0.jar:1.4.0]
	at org.apache.shiro.web.servlet.OncePerRequestFilter.doFilter(OncePerRequestFilter.java:125) ~[shiro-web-1.4.0.jar:1.4.0]
	at org.apache.shiro.web.servlet.ProxiedFilterChain.doFilter(ProxiedFilterChain.java:66) ~[shiro-web-1.4.0.jar:1.4.0]
	at org.apache.shiro.web.servlet.AbstractShiroFilter.executeChain(AbstractShiroFilter.java:449) ~[shiro-web-1.4.0.jar:1.4.0]
	at org.apache.shiro.web.servlet.AbstractShiroFilter$1.call(AbstractShiroFilter.java:365) ~[shiro-web-1.4.0.jar:1.4.0]
	at org.apache.shiro.subject.support.SubjectCallable.doCall(SubjectCallable.java:90) ~[shiro-core-1.4.0.jar:1.4.0]
	at org.apache.shiro.subject.support.SubjectCallable.call(SubjectCallable.java:83) ~[shiro-core-1.4.0.jar:1.4.0]
	at org.apache.shiro.subject.support.DelegatingSubject.execute(DelegatingSubject.java:387) ~[shiro-core-1.4.0.jar:1.4.0]
	at org.apache.shiro.web.servlet.AbstractShiroFilter.doFilterInternal(AbstractShiroFilter.java:362) ~[shiro-web-1.4.0.jar:1.4.0]
	at org.apache.shiro.web.servlet.OncePerRequestFilter.doFilter(OncePerRequestFilter.java:125) ~[shiro-web-1.4.0.jar:1.4.0]
	at org.apache.catalina.core.ApplicationFilterChain.internalDoFilter(ApplicationFilterChain.java:193) ~[tomcat-embed-core-9.0.27.jar:9.0.27]
	at org.apache.catalina.core.ApplicationFilterChain.doFilter(ApplicationFilterChain.java:166) ~[tomcat-embed-core-9.0.27.jar:9.0.27]
	at org.springframework.web.filter.RequestContextFilter.doFilterInternal(RequestContextFilter.java:100) ~[spring-web-5.2.0.RELEASE.jar:5.2.0.RELEASE]
	at org.springframework.web.filter.OncePerRequestFilter.doFilter(OncePerRequestFilter.java:119) ~[spring-web-5.2.0.RELEASE.jar:5.2.0.RELEASE]
	at org.apache.catalina.core.ApplicationFilterChain.internalDoFilter(ApplicationFilterChain.java:193) ~[tomcat-embed-core-9.0.27.jar:9.0.27]
	at org.apache.catalina.core.ApplicationFilterChain.doFilter(ApplicationFilterChain.java:166) ~[tomcat-embed-core-9.0.27.jar:9.0.27]
	at org.springframework.web.filter.FormContentFilter.doFilterInternal(FormContentFilter.java:93) ~[spring-web-5.2.0.RELEASE.jar:5.2.0.RELEASE]
	at org.springframework.web.filter.OncePerRequestFilter.doFilter(OncePerRequestFilter.java:119) ~[spring-web-5.2.0.RELEASE.jar:5.2.0.RELEASE]
	at org.apache.catalina.core.ApplicationFilterChain.internalDoFilter(ApplicationFilterChain.java:193) ~[tomcat-embed-core-9.0.27.jar:9.0.27]
	at org.apache.catalina.core.ApplicationFilterChain.doFilter(ApplicationFilterChain.java:166) ~[tomcat-embed-core-9.0.27.jar:9.0.27]
	at org.springframework.boot.actuate.metrics.web.servlet.WebMvcMetricsFilter.doFilterInternal(WebMvcMetricsFilter.java:108) ~[spring-boot-actuator-2.2.0.RELEASE.jar:2.2.0.RELEASE]
	at org.springframework.web.filter.OncePerRequestFilter.doFilter(OncePerRequestFilter.java:119) ~[spring-web-5.2.0.RELEASE.jar:5.2.0.RELEASE]
	at org.apache.catalina.core.ApplicationFilterChain.internalDoFilter(ApplicationFilterChain.java:193) ~[tomcat-embed-core-9.0.27.jar:9.0.27]
	at org.apache.catalina.core.ApplicationFilterChain.doFilter(ApplicationFilterChain.java:166) ~[tomcat-embed-core-9.0.27.jar:9.0.27]
	at org.springframework.web.filter.CharacterEncodingFilter.doFilterInternal(CharacterEncodingFilter.java:201) ~[spring-web-5.2.0.RELEASE.jar:5.2.0.RELEASE]
	at org.springframework.web.filter.OncePerRequestFilter.doFilter(OncePerRequestFilter.java:119) ~[spring-web-5.2.0.RELEASE.jar:5.2.0.RELEASE]
	at org.apache.catalina.core.ApplicationFilterChain.internalDoFilter(ApplicationFilterChain.java:193) ~[tomcat-embed-core-9.0.27.jar:9.0.27]
	at org.apache.catalina.core.ApplicationFilterChain.doFilter(ApplicationFilterChain.java:166) ~[tomcat-embed-core-9.0.27.jar:9.0.27]
	at org.apache.catalina.core.StandardWrapperValve.invoke(StandardWrapperValve.java:202) ~[tomcat-embed-core-9.0.27.jar:9.0.27]
	at org.apache.catalina.core.StandardContextValve.invoke(StandardContextValve.java:96) [tomcat-embed-core-9.0.27.jar:9.0.27]
	at org.apache.catalina.authenticator.AuthenticatorBase.invoke(AuthenticatorBase.java:526) [tomcat-embed-core-9.0.27.jar:9.0.27]
	at org.apache.catalina.core.StandardHostValve.invoke(StandardHostValve.java:139) [tomcat-embed-core-9.0.27.jar:9.0.27]
	at org.apache.catalina.valves.ErrorReportValve.invoke(ErrorReportValve.java:92) [tomcat-embed-core-9.0.27.jar:9.0.27]
	at org.apache.catalina.core.StandardEngineValve.invoke(StandardEngineValve.java:74) [tomcat-embed-core-9.0.27.jar:9.0.27]
	at org.apache.catalina.connector.CoyoteAdapter.service(CoyoteAdapter.java:343) [tomcat-embed-core-9.0.27.jar:9.0.27]
	at org.apache.coyote.http11.Http11Processor.service(Http11Processor.java:408) [tomcat-embed-core-9.0.27.jar:9.0.27]
	at org.apache.coyote.AbstractProcessorLight.process(AbstractProcessorLight.java:66) [tomcat-embed-core-9.0.27.jar:9.0.27]
	at org.apache.coyote.AbstractProtocol$ConnectionHandler.process(AbstractProtocol.java:861) [tomcat-embed-core-9.0.27.jar:9.0.27]
	at org.apache.tomcat.util.net.NioEndpoint$SocketProcessor.doRun(NioEndpoint.java:1579) [tomcat-embed-core-9.0.27.jar:9.0.27]
	at org.apache.tomcat.util.net.SocketProcessorBase.run(SocketProcessorBase.java:49) [tomcat-embed-core-9.0.27.jar:9.0.27]
	at java.util.concurrent.ThreadPoolExecutor.runWorker(ThreadPoolExecutor.java:1149) [na:1.8.0_144]
	at java.util.concurrent.ThreadPoolExecutor$Worker.run(ThreadPoolExecutor.java:624) [na:1.8.0_144]
	at org.apache.tomcat.util.threads.TaskThread$WrappingRunnable.run(TaskThread.java:61) [tomcat-embed-core-9.0.27.jar:9.0.27]
	at java.lang.Thread.run(Thread.java:748) [na:1.8.0_144]

2019-11-28 10:42:47.579  INFO 3888 --- [http-nio-9999-exec-4] com.lra.common.shrio.MyShiroRealm        : ————————身份认证失败——————————IP地址:  
2019-11-28 10:42:47.582 ERROR 3888 --- [http-nio-9999-exec-4] o.a.c.c.C.[.[.[/].[dispatcherServlet]    : Servlet.service() for servlet [dispatcherServlet] in context with path [] threw exception [org.apache.shiro.authc.AuthenticationException: Token失效请重新登录] with root cause

org.apache.shiro.authc.AuthenticationException: Token失效请重新登录
	at com.lra.common.shrio.JwtFilter.isAccessAllowed(JwtFilter.java:37) ~[classes/:na]
	at org.apache.shiro.web.filter.AccessControlFilter.onPreHandle(AccessControlFilter.java:162) ~[shiro-web-1.4.0.jar:1.4.0]
	at org.apache.shiro.web.filter.PathMatchingFilter.isFilterChainContinued(PathMatchingFilter.java:203) ~[shiro-web-1.4.0.jar:1.4.0]
	at org.apache.shiro.web.filter.PathMatchingFilter.preHandle(PathMatchingFilter.java:178) ~[shiro-web-1.4.0.jar:1.4.0]
	at com.lra.common.shrio.JwtFilter.preHandle(JwtFilter.java:71) ~[classes/:na]
	at org.apache.shiro.web.servlet.AdviceFilter.doFilterInternal(AdviceFilter.java:131) ~[shiro-web-1.4.0.jar:1.4.0]
	at org.apache.shiro.web.servlet.OncePerRequestFilter.doFilter(OncePerRequestFilter.java:125) ~[shiro-web-1.4.0.jar:1.4.0]
	at org.apache.shiro.web.servlet.ProxiedFilterChain.doFilter(ProxiedFilterChain.java:66) ~[shiro-web-1.4.0.jar:1.4.0]
	at org.apache.shiro.web.servlet.AbstractShiroFilter.executeChain(AbstractShiroFilter.java:449) ~[shiro-web-1.4.0.jar:1.4.0]
	at org.apache.shiro.web.servlet.AbstractShiroFilter$1.call(AbstractShiroFilter.java:365) ~[shiro-web-1.4.0.jar:1.4.0]
	at org.apache.shiro.subject.support.SubjectCallable.doCall(SubjectCallable.java:90) ~[shiro-core-1.4.0.jar:1.4.0]
	at org.apache.shiro.subject.support.SubjectCallable.call(SubjectCallable.java:83) ~[shiro-core-1.4.0.jar:1.4.0]
	at org.apache.shiro.subject.support.DelegatingSubject.execute(DelegatingSubject.java:387) ~[shiro-core-1.4.0.jar:1.4.0]
	at org.apache.shiro.web.servlet.AbstractShiroFilter.doFilterInternal(AbstractShiroFilter.java:362) ~[shiro-web-1.4.0.jar:1.4.0]
	at org.apache.shiro.web.servlet.OncePerRequestFilter.doFilter(OncePerRequestFilter.java:125) ~[shiro-web-1.4.0.jar:1.4.0]
	at org.apache.catalina.core.ApplicationFilterChain.internalDoFilter(ApplicationFilterChain.java:193) ~[tomcat-embed-core-9.0.27.jar:9.0.27]
	at org.apache.catalina.core.ApplicationFilterChain.doFilter(ApplicationFilterChain.java:166) ~[tomcat-embed-core-9.0.27.jar:9.0.27]
	at org.springframework.web.filter.RequestContextFilter.doFilterInternal(RequestContextFilter.java:100) ~[spring-web-5.2.0.RELEASE.jar:5.2.0.RELEASE]
	at org.springframework.web.filter.OncePerRequestFilter.doFilter(OncePerRequestFilter.java:119) ~[spring-web-5.2.0.RELEASE.jar:5.2.0.RELEASE]
	at org.apache.catalina.core.ApplicationFilterChain.internalDoFilter(ApplicationFilterChain.java:193) ~[tomcat-embed-core-9.0.27.jar:9.0.27]
	at org.apache.catalina.core.ApplicationFilterChain.doFilter(ApplicationFilterChain.java:166) ~[tomcat-embed-core-9.0.27.jar:9.0.27]
	at org.springframework.web.filter.FormContentFilter.doFilterInternal(FormContentFilter.java:93) ~[spring-web-5.2.0.RELEASE.jar:5.2.0.RELEASE]
	at org.springframework.web.filter.OncePerRequestFilter.doFilter(OncePerRequestFilter.java:119) ~[spring-web-5.2.0.RELEASE.jar:5.2.0.RELEASE]
	at org.apache.catalina.core.ApplicationFilterChain.internalDoFilter(ApplicationFilterChain.java:193) ~[tomcat-embed-core-9.0.27.jar:9.0.27]
	at org.apache.catalina.core.ApplicationFilterChain.doFilter(ApplicationFilterChain.java:166) ~[tomcat-embed-core-9.0.27.jar:9.0.27]
	at org.springframework.boot.actuate.metrics.web.servlet.WebMvcMetricsFilter.doFilterInternal(WebMvcMetricsFilter.java:108) ~[spring-boot-actuator-2.2.0.RELEASE.jar:2.2.0.RELEASE]
	at org.springframework.web.filter.OncePerRequestFilter.doFilter(OncePerRequestFilter.java:119) ~[spring-web-5.2.0.RELEASE.jar:5.2.0.RELEASE]
	at org.apache.catalina.core.ApplicationFilterChain.internalDoFilter(ApplicationFilterChain.java:193) ~[tomcat-embed-core-9.0.27.jar:9.0.27]
	at org.apache.catalina.core.ApplicationFilterChain.doFilter(ApplicationFilterChain.java:166) ~[tomcat-embed-core-9.0.27.jar:9.0.27]
	at org.springframework.web.filter.CharacterEncodingFilter.doFilterInternal(CharacterEncodingFilter.java:201) ~[spring-web-5.2.0.RELEASE.jar:5.2.0.RELEASE]
	at org.springframework.web.filter.OncePerRequestFilter.doFilter(OncePerRequestFilter.java:119) ~[spring-web-5.2.0.RELEASE.jar:5.2.0.RELEASE]
	at org.apache.catalina.core.ApplicationFilterChain.internalDoFilter(ApplicationFilterChain.java:193) ~[tomcat-embed-core-9.0.27.jar:9.0.27]
	at org.apache.catalina.core.ApplicationFilterChain.doFilter(ApplicationFilterChain.java:166) ~[tomcat-embed-core-9.0.27.jar:9.0.27]
	at org.apache.catalina.core.StandardWrapperValve.invoke(StandardWrapperValve.java:202) ~[tomcat-embed-core-9.0.27.jar:9.0.27]
	at org.apache.catalina.core.StandardContextValve.invoke(StandardContextValve.java:96) [tomcat-embed-core-9.0.27.jar:9.0.27]
	at org.apache.catalina.authenticator.AuthenticatorBase.invoke(AuthenticatorBase.java:526) [tomcat-embed-core-9.0.27.jar:9.0.27]
	at org.apache.catalina.core.StandardHostValve.invoke(StandardHostValve.java:139) [tomcat-embed-core-9.0.27.jar:9.0.27]
	at org.apache.catalina.valves.ErrorReportValve.invoke(ErrorReportValve.java:92) [tomcat-embed-core-9.0.27.jar:9.0.27]
	at org.apache.catalina.core.StandardEngineValve.invoke(StandardEngineValve.java:74) [tomcat-embed-core-9.0.27.jar:9.0.27]
	at org.apache.catalina.connector.CoyoteAdapter.service(CoyoteAdapter.java:343) [tomcat-embed-core-9.0.27.jar:9.0.27]
	at org.apache.coyote.http11.Http11Processor.service(Http11Processor.java:408) [tomcat-embed-core-9.0.27.jar:9.0.27]
	at org.apache.coyote.AbstractProcessorLight.process(AbstractProcessorLight.java:66) [tomcat-embed-core-9.0.27.jar:9.0.27]
	at org.apache.coyote.AbstractProtocol$ConnectionHandler.process(AbstractProtocol.java:861) [tomcat-embed-core-9.0.27.jar:9.0.27]
	at org.apache.tomcat.util.net.NioEndpoint$SocketProcessor.doRun(NioEndpoint.java:1579) [tomcat-embed-core-9.0.27.jar:9.0.27]
	at org.apache.tomcat.util.net.SocketProcessorBase.run(SocketProcessorBase.java:49) [tomcat-embed-core-9.0.27.jar:9.0.27]
	at java.util.concurrent.ThreadPoolExecutor.runWorker(ThreadPoolExecutor.java:1149) [na:1.8.0_144]
	at java.util.concurrent.ThreadPoolExecutor$Worker.run(ThreadPoolExecutor.java:624) [na:1.8.0_144]
	at org.apache.tomcat.util.threads.TaskThread$WrappingRunnable.run(TaskThread.java:61) [tomcat-embed-core-9.0.27.jar:9.0.27]
	at java.lang.Thread.run(Thread.java:748) [na:1.8.0_144]

2019-11-28 10:46:08.097  INFO 3888 --- [SpringContextShutdownHook] o.s.s.concurrent.ThreadPoolTaskExecutor  : Shutting down ExecutorService 'applicationTaskExecutor'
2019-11-28 10:46:09.243  INFO 3888 --- [SpringContextShutdownHook] com.zaxxer.hikari.HikariDataSource       : HikariPool-1 - Shutdown initiated...
2019-11-28 10:46:09.263  INFO 3888 --- [SpringContextShutdownHook] com.zaxxer.hikari.HikariDataSource       : HikariPool-1 - Shutdown completed.
