2019-11-13 09:56:27.712  INFO 14152 --- [main] com.lra.user.ShopUserApplicationTests    : Starting ShopUserApplicationTests on Leon-PC with PID 14152 (started by XY in C:\Users\XY\Desktop\webmagic\graduation\shop-user)
2019-11-13 09:56:27.716  INFO 14152 --- [main] com.lra.user.ShopUserApplicationTests    : The following profiles are active: common
2019-11-13 09:56:33.654  INFO 14152 --- [main] .s.d.r.c.RepositoryConfigurationDelegate : Multiple Spring Data modules found, entering strict repository configuration mode!
2019-11-13 09:56:33.660  INFO 14152 --- [main] .s.d.r.c.RepositoryConfigurationDelegate : Bootstrapping Spring Data repositories in DEFAULT mode.
2019-11-13 09:56:33.703  INFO 14152 --- [main] .s.d.r.c.RepositoryConfigurationDelegate : Finished Spring Data repository scanning in 14ms. Found 0 repository interfaces.
2019-11-13 09:56:34.417  INFO 14152 --- [main] trationDelegate$BeanPostProcessorChecker : Bean 'org.springframework.ws.config.annotation.DelegatingWsConfiguration' of type [org.springframework.ws.config.annotation.DelegatingWsConfiguration$$EnhancerBySpringCGLIB$$56191552] is not eligible for getting processed by all BeanPostProcessors (for example: not eligible for auto-proxying)
2019-11-13 09:56:34.495  INFO 14152 --- [main] .w.s.a.s.AnnotationActionEndpointMapping : Supporting [WS-Addressing August 2004, WS-Addressing 1.0]
2019-11-13 09:56:34.532  INFO 14152 --- [main] trationDelegate$BeanPostProcessorChecker : Bean 'org.springframework.transaction.annotation.ProxyTransactionManagementConfiguration' of type [org.springframework.transaction.annotation.ProxyTransactionManagementConfiguration] is not eligible for getting processed by all BeanPostProcessors (for example: not eligible for auto-proxying)
2019-11-13 09:56:39.375  INFO 14152 --- [main] trationDelegate$BeanPostProcessorChecker : Bean 'shiroConfig' of type [com.lra.common.shrio.ShiroConfig$$EnhancerBySpringCGLIB$$28e8cffd] is not eligible for getting processed by all BeanPostProcessors (for example: not eligible for auto-proxying)
2019-11-13 09:56:41.533  INFO 14152 --- [main] trationDelegate$BeanPostProcessorChecker : Bean 'mybatis-plus-com.baomidou.mybatisplus.autoconfigure.MybatisPlusProperties' of type [com.baomidou.mybatisplus.autoconfigure.MybatisPlusProperties] is not eligible for getting processed by all BeanPostProcessors (for example: not eligible for auto-proxying)
2019-11-13 09:56:41.562  INFO 14152 --- [main] trationDelegate$BeanPostProcessorChecker : Bean 'com.baomidou.mybatisplus.autoconfigure.MybatisPlusAutoConfiguration' of type [com.baomidou.mybatisplus.autoconfigure.MybatisPlusAutoConfiguration$$EnhancerBySpringCGLIB$$ef49bced] is not eligible for getting processed by all BeanPostProcessors (for example: not eligible for auto-proxying)
2019-11-13 09:56:41.578  INFO 14152 --- [main] trationDelegate$BeanPostProcessorChecker : Bean 'org.springframework.boot.autoconfigure.jdbc.DataSourceConfiguration$Hikari' of type [org.springframework.boot.autoconfigure.jdbc.DataSourceConfiguration$Hikari] is not eligible for getting processed by all BeanPostProcessors (for example: not eligible for auto-proxying)
2019-11-13 09:56:41.601  INFO 14152 --- [main] trationDelegate$BeanPostProcessorChecker : Bean 'spring.datasource-org.springframework.boot.autoconfigure.jdbc.DataSourceProperties' of type [org.springframework.boot.autoconfigure.jdbc.DataSourceProperties] is not eligible for getting processed by all BeanPostProcessors (for example: not eligible for auto-proxying)
2019-11-13 09:56:42.369  INFO 14152 --- [main] trationDelegate$BeanPostProcessorChecker : Bean 'dataSource' of type [com.zaxxer.hikari.HikariDataSource] is not eligible for getting processed by all BeanPostProcessors (for example: not eligible for auto-proxying)
2019-11-13 09:56:42.449  INFO 14152 --- [main] trationDelegate$BeanPostProcessorChecker : Bean 'org.springframework.boot.autoconfigure.jdbc.DataSourceInitializerInvoker' of type [org.springframework.boot.autoconfigure.jdbc.DataSourceInitializerInvoker] is not eligible for getting processed by all BeanPostProcessors (for example: not eligible for auto-proxying)
2019-11-13 09:56:42.594  INFO 14152 --- [main] trationDelegate$BeanPostProcessorChecker : Bean 'fillMetaObjectHandler' of type [com.lra.common.handler.FillMetaObjectHandler] is not eligible for getting processed by all BeanPostProcessors (for example: not eligible for auto-proxying)
2019-11-13 09:56:42.608  INFO 14152 --- [main] trationDelegate$BeanPostProcessorChecker : Bean 'myBatisPlusConfiguration' of type [com.lra.user.config.MyBatisPlusConfiguration$$EnhancerBySpringCGLIB$$6170cb6a] is not eligible for getting processed by all BeanPostProcessors (for example: not eligible for auto-proxying)
2019-11-13 09:56:42.624  INFO 14152 --- [main] trationDelegate$BeanPostProcessorChecker : Bean 'sqlInjector' of type [com.baomidou.mybatisplus.extension.injector.LogicSqlInjector] is not eligible for getting processed by all BeanPostProcessors (for example: not eligible for auto-proxying)
2019-11-13 09:56:42.657  INFO 14152 --- [main] com.zaxxer.hikari.HikariDataSource       : HikariPool-1 - Starting...
2019-11-13 09:56:43.416  INFO 14152 --- [main] com.zaxxer.hikari.HikariDataSource       : HikariPool-1 - Start completed.
2019-11-13 09:56:45.318  INFO 14152 --- [main] trationDelegate$BeanPostProcessorChecker : Bean 'sqlSessionFactory' of type [org.apache.ibatis.session.defaults.DefaultSqlSessionFactory] is not eligible for getting processed by all BeanPostProcessors (for example: not eligible for auto-proxying)
2019-11-13 09:56:45.347  INFO 14152 --- [main] trationDelegate$BeanPostProcessorChecker : Bean 'sqlSessionTemplate' of type [org.mybatis.spring.SqlSessionTemplate] is not eligible for getting processed by all BeanPostProcessors (for example: not eligible for auto-proxying)
2019-11-13 09:56:45.353  INFO 14152 --- [main] trationDelegate$BeanPostProcessorChecker : Bean 'roleMapper' of type [org.mybatis.spring.mapper.MapperFactoryBean] is not eligible for getting processed by all BeanPostProcessors (for example: not eligible for auto-proxying)
2019-11-13 09:56:45.359  INFO 14152 --- [main] trationDelegate$BeanPostProcessorChecker : Bean 'roleMapper' of type [com.sun.proxy.$Proxy102] is not eligible for getting processed by all BeanPostProcessors (for example: not eligible for auto-proxying)
2019-11-13 09:56:45.372  INFO 14152 --- [main] trationDelegate$BeanPostProcessorChecker : Bean 'roleServiceImpl' of type [com.lra.common.service.impl.RoleServiceImpl] is not eligible for getting processed by all BeanPostProcessors (for example: not eligible for auto-proxying)
2019-11-13 09:56:45.442  INFO 14152 --- [main] trationDelegate$BeanPostProcessorChecker : Bean 'userMapper' of type [org.mybatis.spring.mapper.MapperFactoryBean] is not eligible for getting processed by all BeanPostProcessors (for example: not eligible for auto-proxying)
2019-11-13 09:56:45.444  INFO 14152 --- [main] trationDelegate$BeanPostProcessorChecker : Bean 'userMapper' of type [com.sun.proxy.$Proxy105] is not eligible for getting processed by all BeanPostProcessors (for example: not eligible for auto-proxying)
2019-11-13 09:56:45.469  INFO 14152 --- [main] trationDelegate$BeanPostProcessorChecker : Bean 'redisAutoConfiguration' of type [com.lra.common.config.RedisAutoConfiguration$$EnhancerBySpringCGLIB$$4a98686d] is not eligible for getting processed by all BeanPostProcessors (for example: not eligible for auto-proxying)
2019-11-13 09:56:45.490  INFO 14152 --- [main] trationDelegate$BeanPostProcessorChecker : Bean 'spring.redis-org.springframework.boot.autoconfigure.data.redis.RedisProperties' of type [org.springframework.boot.autoconfigure.data.redis.RedisProperties] is not eligible for getting processed by all BeanPostProcessors (for example: not eligible for auto-proxying)
2019-11-13 09:56:45.499  INFO 14152 --- [main] trationDelegate$BeanPostProcessorChecker : Bean 'org.springframework.boot.autoconfigure.data.redis.LettuceConnectionConfiguration' of type [org.springframework.boot.autoconfigure.data.redis.LettuceConnectionConfiguration] is not eligible for getting processed by all BeanPostProcessors (for example: not eligible for auto-proxying)
2019-11-13 09:56:47.113  INFO 14152 --- [main] trationDelegate$BeanPostProcessorChecker : Bean 'lettuceClientResources' of type [io.lettuce.core.resource.DefaultClientResources] is not eligible for getting processed by all BeanPostProcessors (for example: not eligible for auto-proxying)
2019-11-13 09:56:47.315  INFO 14152 --- [main] trationDelegate$BeanPostProcessorChecker : Bean 'redisConnectionFactory' of type [org.springframework.data.redis.connection.lettuce.LettuceConnectionFactory] is not eligible for getting processed by all BeanPostProcessors (for example: not eligible for auto-proxying)
2019-11-13 09:56:47.479  INFO 14152 --- [main] trationDelegate$BeanPostProcessorChecker : Bean 'redisTemplate' of type [org.springframework.data.redis.core.RedisTemplate] is not eligible for getting processed by all BeanPostProcessors (for example: not eligible for auto-proxying)
2019-11-13 09:56:47.505  INFO 14152 --- [main] trationDelegate$BeanPostProcessorChecker : Bean 'redisUtil' of type [com.lra.common.utils.RedisUtil] is not eligible for getting processed by all BeanPostProcessors (for example: not eligible for auto-proxying)
2019-11-13 09:56:47.508  INFO 14152 --- [main] trationDelegate$BeanPostProcessorChecker : Bean 'userServiceImpl' of type [com.lra.common.service.impl.UserServiceImpl] is not eligible for getting processed by all BeanPostProcessors (for example: not eligible for auto-proxying)
2019-11-13 09:56:47.537  INFO 14152 --- [main] trationDelegate$BeanPostProcessorChecker : Bean 'audience' of type [com.lra.common.value.Audience] is not eligible for getting processed by all BeanPostProcessors (for example: not eligible for auto-proxying)
2019-11-13 09:56:47.540  INFO 14152 --- [main] trationDelegate$BeanPostProcessorChecker : Bean 'myShiroRealm' of type [com.lra.common.shrio.MyShiroRealm] is not eligible for getting processed by all BeanPostProcessors (for example: not eligible for auto-proxying)
2019-11-13 09:56:47.557  INFO 14152 --- [main] trationDelegate$BeanPostProcessorChecker : Bean 'redisSessionDAO' of type [org.crazycake.shiro.RedisSessionDAO] is not eligible for getting processed by all BeanPostProcessors (for example: not eligible for auto-proxying)
2019-11-13 09:56:47.578  INFO 14152 --- [main] trationDelegate$BeanPostProcessorChecker : Bean 'sessionManager' of type [com.lra.common.shrio.SessionConfig] is not eligible for getting processed by all BeanPostProcessors (for example: not eligible for auto-proxying)
2019-11-13 09:56:47.589  INFO 14152 --- [main] trationDelegate$BeanPostProcessorChecker : Bean 'cacheManager2' of type [org.crazycake.shiro.RedisCacheManager] is not eligible for getting processed by all BeanPostProcessors (for example: not eligible for auto-proxying)
2019-11-13 09:56:47.619  INFO 14152 --- [main] trationDelegate$BeanPostProcessorChecker : Bean 'securityManager' of type [org.apache.shiro.web.mgt.DefaultWebSecurityManager] is not eligible for getting processed by all BeanPostProcessors (for example: not eligible for auto-proxying)
2019-11-13 09:56:47.847  INFO 14152 --- [main] trationDelegate$BeanPostProcessorChecker : Bean 'authorizationAttributeSourceAdvisor' of type [org.apache.shiro.spring.security.interceptor.AuthorizationAttributeSourceAdvisor] is not eligible for getting processed by all BeanPostProcessors (for example: not eligible for auto-proxying)
2019-11-13 09:56:49.534  INFO 14152 --- [main] pertySourcedRequestMappingHandlerMapping : Mapped URL path [/v2/api-docs] onto method [springfox.documentation.swagger2.web.Swagger2Controller#getDocumentation(String, HttpServletRequest)]
2019-11-13 09:56:50.292  INFO 14152 --- [main] o.s.s.concurrent.ThreadPoolTaskExecutor  : Initializing ExecutorService 'applicationTaskExecutor'
2019-11-13 09:56:55.915  WARN 14152 --- [main] o.s.x.transform.TransformerFactoryUtils  : http://javax.xml.XMLConstants/property/accessExternalDTD property not supported by net.sf.saxon.TransformerFactoryImpl
2019-11-13 09:56:55.916  WARN 14152 --- [main] o.s.x.transform.TransformerFactoryUtils  : http://javax.xml.XMLConstants/property/accessExternalStylesheet property not supported by net.sf.saxon.TransformerFactoryImpl
2019-11-13 09:56:56.313  INFO 14152 --- [main] d.s.w.p.DocumentationPluginsBootstrapper : Context refreshed
2019-11-13 09:56:56.344  INFO 14152 --- [main] d.s.w.p.DocumentationPluginsBootstrapper : Found 1 custom documentation plugin(s)
2019-11-13 09:56:56.417  INFO 14152 --- [main] s.d.s.w.s.ApiListingReferenceScanner     : Scanning for api listing references
2019-11-13 09:56:56.940  INFO 14152 --- [main] com.lra.user.ShopUserApplicationTests    : Started ShopUserApplicationTests in 29.849 seconds (JVM running for 31.04)
2019-11-13 09:56:57.323  INFO 14152 --- [SpringContextShutdownHook] o.s.s.concurrent.ThreadPoolTaskExecutor  : Shutting down ExecutorService 'applicationTaskExecutor'
2019-11-13 09:56:57.403  INFO 14152 --- [SpringContextShutdownHook] com.zaxxer.hikari.HikariDataSource       : HikariPool-1 - Shutdown initiated...
2019-11-13 09:56:57.413  INFO 14152 --- [SpringContextShutdownHook] com.zaxxer.hikari.HikariDataSource       : HikariPool-1 - Shutdown completed.
